0 info it worked if it ends with ok
1 verbose cli [ '/usr/local/Cellar/node/5.1.1/bin/node',
1 verbose cli   '/usr/local/bin/npm',
1 verbose cli   'run',
1 verbose cli   'test' ]
2 info using npm@3.5.1
3 info using node@v5.1.1
4 verbose run-script [ 'pretest', 'test', 'posttest' ]
5 info lifecycle timekit-sdk@1.5.0~pretest: timekit-sdk@1.5.0
6 silly lifecycle timekit-sdk@1.5.0~pretest: no script for pretest, continuing
7 info lifecycle timekit-sdk@1.5.0~test: timekit-sdk@1.5.0
8 verbose lifecycle timekit-sdk@1.5.0~test: unsafe-perm in lifecycle true
9 verbose lifecycle timekit-sdk@1.5.0~test: PATH: /usr/local/lib/node_modules/npm/bin/node-gyp-bin:/Users/las/timekit-io/js-sdk/node_modules/.bin:/usr/local/bin:/usr/bin:/bin:/usr/sbin:/sbin
10 verbose lifecycle timekit-sdk@1.5.0~test: CWD: /Users/las/timekit-io/js-sdk
11 silly lifecycle timekit-sdk@1.5.0~test: Args: [ '-c', './node_modules/karma/bin/karma start' ]
12 silly lifecycle timekit-sdk@1.5.0~test: Returned: code: 1  signal: null
13 info lifecycle timekit-sdk@1.5.0~test: Failed to exec test script
14 verbose stack Error: timekit-sdk@1.5.0 test: `./node_modules/karma/bin/karma start`
14 verbose stack Exit status 1
14 verbose stack     at EventEmitter.<anonymous> (/usr/local/lib/node_modules/npm/lib/utils/lifecycle.js:232:16)
14 verbose stack     at emitTwo (events.js:87:13)
14 verbose stack     at EventEmitter.emit (events.js:172:7)
14 verbose stack     at ChildProcess.<anonymous> (/usr/local/lib/node_modules/npm/lib/utils/spawn.js:24:14)
14 verbose stack     at emitTwo (events.js:87:13)
14 verbose stack     at ChildProcess.emit (events.js:172:7)
14 verbose stack     at maybeClose (internal/child_process.js:818:16)
14 verbose stack     at Process.ChildProcess._handle.onexit (internal/child_process.js:211:5)
15 verbose pkgid timekit-sdk@1.5.0
16 verbose cwd /Users/las/timekit-io/js-sdk
17 error Darwin 15.5.0
18 error argv "/usr/local/Cellar/node/5.1.1/bin/node" "/usr/local/bin/npm" "run" "test"
19 error node v5.1.1
20 error npm  v3.5.1
21 error code ELIFECYCLE
22 error timekit-sdk@1.5.0 test: `./node_modules/karma/bin/karma start`
22 error Exit status 1
23 error Failed at the timekit-sdk@1.5.0 test script './node_modules/karma/bin/karma start'.
23 error Make sure you have the latest version of node.js and npm installed.
23 error If you do, this is most likely a problem with the timekit-sdk package,
23 error not with npm itself.
23 error Tell the author that this fails on your system:
23 error     ./node_modules/karma/bin/karma start
23 error You can get information on how to open an issue for this project with:
23 error     npm bugs timekit-sdk
23 error Or if that isn't available, you can get their info via:
23 error     npm owner ls timekit-sdk
23 error There is likely additional logging output above.
24 verbose exit [ 1, true ]
